Creating config file /etc/samba/smb.conf with new version
Setting up libglusterfs0:armhf (9.2-1) ...
Setting up python3-tdb (1.4.3-1+b1) ...
Setting up python3-pygments (2.7.1+dfsg-2.1) ...
Setting up python3-gpg (1.14.0-1+b1) ...
Setting up tdb-tools (1.4.3-1+b1) ...
update-alternatives: using /usr/bin/tdbbackup.tdbtools to provide /usr/bin/tdbbackup (tdbbackup) in auto mode
Setting up python3-markdown (3.3.4-1) ...
Setting up liburing1:armhf (0.7-3) ...
Setting up python3-dnspython (2.0.0-1) ...
Setting up libldb2:armhf (2:2.2.3-2~deb11u1) ...
Setting up libavahi-client3:armhf (0.8-5) ...
Setting up python3-cffi-backend:armhf (1.14.5-1) ...
Setting up libgfxdr0:armhf (9.2-1) ...
Setting up libboost-thread1.74.0:armhf (1.74.0-9) ...
Setting up librdmacm1:armhf (33.2-1) ...
Setting up librados2 (14.2.21-1+rpi1) ...
Setting up libcephfs2 (14.2.21-1+rpi1) ...
Setting up python3-cryptography (3.3.2-1) ...
Setting up python3-ldb (2:2.2.3-2~deb11u1) ...
Setting up libcups2:armhf (2.3.3op2-3+deb11u2) ...
Setting up libgfrpc0:armhf (9.2-1) ...
Setting up samba-libs:armhf (2:4.13.13+dfsg-1~deb11u3) ...
Setting up libgfapi0:armhf (9.2-1) ...
Setting up samba-dsdb-modules:armhf (2:4.13.13+dfsg-1~deb11u3) ...
Setting up python3-samba (2:4.13.13+dfsg-1~deb11u3) ...
Setting up samba-vfs-modules:armhf (2:4.13.13+dfsg-1~deb11u3) ...
Setting up samba-common-bin (2:4.13.13+dfsg-1~deb11u3) ...
Checking smb.conf with testparm
Load smb config files from /etc/samba/smb.conf
Loaded services file OK.
Weak crypto is allowed
Server role: ROLE_STANDALONE

Done
Setting up samba (2:4.13.13+dfsg-1~deb11u3) ...
Adding group `sambashare' (GID 115) ...
Done.
Samba is not being run as an AD Domain Controller: Masking samba-ad-dc.service
Please ignore the following error about deb-systemd-helper not finding those services.
(samba-ad-dc.service masked)
Created symlink /etc/systemd/system/multi-user.target.wants/nmbd.service → /lib/systemd/system/nmbd.service.
Failed to preset unit: Unit file /etc/systemd/system/samba-ad-dc.service is masked.
/usr/bin/deb-systemd-helper: error: systemctl preset failed on samba-ad-dc.service: No such file or directory
Created symlink /etc/systemd/system/multi-user.target.wants/smbd.service → /lib/systemd/system/smbd.service.
samba-ad-dc.service is a disabled or a static unit, not starting it.
Processing triggers for man-db (2.9.4-2) ...
Processing triggers for libc-bin (2.31-13+rpt2+rpi1+deb11u2) ...
